<?xml version="1.0" encoding="UTF-8"?>
<testsuite xmlns:xsi="http://www.w3.org/2001/XMLSchema-instance" xsi:noNamespaceSchemaLocation="https://maven.apache.org/surefire/maven-surefire-plugin/xsd/surefire-test-report-3.0.xsd" version="3.0" name="US001_Parallel_Test" time="13.168" tests="1" errors="0" skipped="0" failures="0">
  <properties>
[...]
</properties>
  <testcase name="TC01_TechProEducation_Sayfasi_Testi" classname="US001_Parallel_Test" time="13.168">
    <system-out><![CDATA[
@techpro1
Scenario: TC01_TechProEducation_Sayfasi_Testi     # src/test/resources/features/day36_ParelelTest_CucumberReport/US01_ParalelTest.feature:3
Testler çalışmaya başladı
  Given kullanici_"techproed_Url"_sayfasina_gider # techproed.stepDefinitions.TechproStepDefinition.kullanici__sayfasina_gider(java.lang.String)
  Then cikan_reklam_kapatilir                     # techproed.stepDefinitions.TechproStepDefinition.cikan_reklam_kapatilir()
  When kullanici 2 saniye bekler                  # techproed.stepDefinitions.AmazonStepDefinition.kullaniciSaniyeBekler(int)
  And searchBoxda_"qa"_aratir                     # techproed.stepDefinitions.TechproStepDefinition.searchboxda__aratir(java.lang.String)
]]></system-out>
    <system-err><![CDATA[SLF4J: No SLF4J providers were found.
SLF4J: Defaulting to no-operation (NOP) logger implementation
SLF4J: See https://www.slf4j.org/codes.html#noProviders for further details.
ERROR StatusLogger Log4j2 could not find a logging implementation. Please add log4j-core to the classpath. Using SimpleLogger to log to the console...
Starting ChromeDriver 113.0.5672.63 (0e1a4471d5ae5bf128b1bd8f4d627c8cbd55f70c-refs/branch-heads/5672@{#912}) on port 46346
Only local connections are allowed.
Please see https://chromedriver.chromium.org/security-considerations for suggestions on keeping ChromeDriver safe.
ChromeDriver was started successfully.
May 18, 2023 12:07:29 ÖÖ org.openqa.selenium.devtools.CdpVersionFinder findNearestMatch
WARNING: Unable to find an exact match for CDP version 113, so returning the closest version found: 111
]]></system-err>
  </testcase>
</testsuite>